Arguments: 
  C:\Program Files\nodejs\node.exe C:\Program Files (x86)\Yarn\bin\yarn.js init

PATH: 
  C:\Python27\;C:\Python27\Scripts;C:\Windows\system32;C:\Windows;C:\Windows\System32\Wbem;C:\Windows\System32\WindowsPowerShell\v1.0\;C:\Windows\System32\OpenSSH\;C:\ProgramData\chocolatey\bin;C:\Program Files (x86)\Yarn\bin\;C:\Program Files (x86)\NVIDIA Corporation\PhysX\Common;C:\Program Files\NVIDIA Corporation\NVIDIA NvDLISR;C:\Program Files\Git\cmd;C:\Program Files\TortoiseGit\bin;C:\Program Files\Amazon\AWSCLIV2\;C:\Program Files\PostgreSQL\13\bin;C:\Program Files (x86)\Calibre2\;C:\Program Files\nodejs\;C:\Program Files\OpenJDK\openjdk-8u275-b01\bin;C:\Program Files\dotnet\;C:\Program Files\Microsoft SQL Server\130\Tools\Binn\;C:\Program Files\Microsoft SQL Server\Client SDK\ODBC\170\Tools\Binn\;C:\Windows\Microsoft.NET\Framework64\v4.0.30319;C:\Program Files\PostgreSQL\10\bin;;C:\Program Files\Docker\Docker\resources\bin;C:\ProgramData\DockerDesktop\version-bin;C:\Program Files\MySQL\MySQL Shell 8.0\bin\;C:\Users\helicr\AppData\Local\Programs\Python\Python39\Scripts\;C:\Users\helicr\AppData\Local\Programs\Python\Python39\;C:\Users\helicr\AppData\Local\Microsoft\WindowsApps;C:\Users\helicr\AppData\Local\Programs\Microsoft VS Code\bin;C:\Users\helicr\AppData\Local\Yarn\bin;C:\tools\Cmder;C:\Program Files\Java\jdk-11.0.6\bin;C:\Program Files\gradle-6.2.2-bin\gradle-6.2.2\bin;C:\Program Files\apache-maven-3.6.3-bin\apache-maven-3.6.3\bin;C:\Users\helicr\AppData\Local\hyper\app-3.0.2\resources\bin;C:\Program Files\MongoDB\Server\4.4\bin;C:\Users\helicr\AppData\Roaming\npm;C:\Users\helicr\AppData\Local\Android\Sdk\platform-tools;C:\Users\helicr\AppData\Local\Android\Sdk\emulator;C:\Users\helicr\AppData\Local\Android\Sdk\tools;C:\Users\helicr\AppData\Local\Android\Sdk\tools\bin;C:\Users\helicr\.dotnet\tools;C:\Program Files\PostgreSQL\10\bin;

Yarn version: 
  1.21.1

Node version: 
  15.5.0

Platform: 
  win32 x64

Trace: 
  Error: canceled
      at Interface.<anonymous> (C:\Program Files (x86)\Yarn\lib\cli.js:136925:13)
      at Interface.emit (node:events:376:20)
      at Interface._ttyWrite (node:readline:909:16)
      at ReadStream.onkeypress (node:readline:234:10)
      at ReadStream.emit (node:events:376:20)
      at emitKeys (node:internal/readline/utils:358:14)
      at emitKeys.next (<anonymous>)
      at ReadStream.onData (node:readline:1178:36)
      at ReadStream.emit (node:events:376:20)
      at addChunk (node:internal/streams/readable:311:12)

npm manifest: 
  No manifest

yarn manifest: 
  No manifest

Lockfile: 
  No lockfile
